2019-02-24 13:41:15,049 INFO o.a.j.u.JMeterUtils: Setting Locale to en_EN
2019-02-24 13:41:15,065 INFO o.a.j.JMeter: Loading user properties from: user.properties
2019-02-24 13:41:15,065 INFO o.a.j.JMeter: Loading system properties from: system.properties
2019-02-24 13:41:15,065 INFO o.a.j.JMeter: Copyright (c) 1998-2018 The Apache Software Foundation
2019-02-24 13:41:15,065 INFO o.a.j.JMeter: Version 5.0 r1840935
2019-02-24 13:41:15,065 INFO o.a.j.JMeter: java.version=1.8.0_201
2019-02-24 13:41:15,065 INFO o.a.j.JMeter: java.vm.name=Java HotSpot(TM) 64-Bit Server VM
2019-02-24 13:41:15,065 INFO o.a.j.JMeter: os.name=Windows 10
2019-02-24 13:41:15,065 INFO o.a.j.JMeter: os.arch=amd64
2019-02-24 13:41:15,065 INFO o.a.j.JMeter: os.version=10.0
2019-02-24 13:41:15,065 INFO o.a.j.JMeter: file.encoding=Cp1252
2019-02-24 13:41:15,065 INFO o.a.j.JMeter: Max memory     =1073741824
2019-02-24 13:41:15,065 INFO o.a.j.JMeter: Available Processors =8
2019-02-24 13:41:15,080 INFO o.a.j.JMeter: Default Locale=English (EN)
2019-02-24 13:41:15,080 INFO o.a.j.JMeter: JMeter  Locale=English (EN)
2019-02-24 13:41:15,080 INFO o.a.j.JMeter: JMeterHome=E:\PerformanceTesting\apache-jmeter-5.0
2019-02-24 13:41:15,080 INFO o.a.j.JMeter: user.dir  =E:\PerformanceTesting\apache-jmeter-5.0\bin
2019-02-24 13:41:15,080 INFO o.a.j.JMeter: PWD       =E:\PerformanceTesting\apache-jmeter-5.0\bin
2019-02-24 13:41:15,080 INFO o.a.j.JMeter: IP: 127.0.0.1 Name: LAPTOP-01I9BJL7 FullName: LAPTOP-01I9BJL7
2019-02-24 13:41:15,752 INFO o.a.j.g.a.LookAndFeelCommand: Installing Darcula LAF
2019-02-24 13:41:15,768 INFO o.a.j.g.a.LookAndFeelCommand: Using look and feel: com.bulenkov.darcula.DarculaLaf [Darcula]
2019-02-24 13:41:15,768 INFO o.a.j.JMeter: Setting LAF to: com.bulenkov.darcula.DarculaLaf
2019-02-24 13:41:15,815 INFO o.a.j.JMeter: Loaded icon properties from org/apache/jmeter/images/icon.properties
2019-02-24 13:41:16,189 INFO o.a.j.e.u.CompoundVariable: Note: Function class names must contain the string: '.functions.'
2019-02-24 13:41:16,189 INFO o.a.j.e.u.CompoundVariable: Note: Function class names must not contain the string: '.gui.'
2019-02-24 13:41:17,345 INFO o.a.j.p.h.s.HTTPSamplerBase: Parser for text/html is org.apache.jmeter.protocol.http.parser.LagartoBasedHtmlParser
2019-02-24 13:41:17,345 INFO o.a.j.p.h.s.HTTPSamplerBase: Parser for application/xhtml+xml is org.apache.jmeter.protocol.http.parser.LagartoBasedHtmlParser
2019-02-24 13:41:17,345 INFO o.a.j.p.h.s.HTTPSamplerBase: Parser for application/xml is org.apache.jmeter.protocol.http.parser.LagartoBasedHtmlParser
2019-02-24 13:41:17,345 INFO o.a.j.p.h.s.HTTPSamplerBase: Parser for text/xml is org.apache.jmeter.protocol.http.parser.LagartoBasedHtmlParser
2019-02-24 13:41:17,345 INFO o.a.j.p.h.s.HTTPSamplerBase: Parser for text/vnd.wap.wml is org.apache.jmeter.protocol.http.parser.RegexpHTMLParser
2019-02-24 13:41:17,345 INFO o.a.j.p.h.s.HTTPSamplerBase: Parser for text/css is org.apache.jmeter.protocol.http.parser.CssParser
2019-02-24 13:41:17,919 INFO o.a.j.e.KeyToolUtils: keytool found at 'keytool'
2019-02-24 13:41:17,919 INFO o.a.j.p.h.p.ProxyControl: HTTP(S) Test Script Recorder SSL Proxy will use keys that support embedded 3rd party resources in file E:\PerformanceTesting\apache-jmeter-5.0\bin\proxyserver.jks
2019-02-24 13:41:18,122 INFO o.a.j.s.FileServer: Default base='E:\PerformanceTesting\apache-jmeter-5.0\bin'
2019-02-24 13:41:18,731 INFO o.a.j.s.SampleResult: Note: Sample TimeStamps are START times
2019-02-24 13:41:18,731 INFO o.a.j.s.SampleResult: sampleresult.default.encoding is set to ISO-8859-1
2019-02-24 13:41:18,731 INFO o.a.j.s.SampleResult: sampleresult.useNanoTime=true
2019-02-24 13:41:18,731 INFO o.a.j.s.SampleResult: sampleresult.nanoThreadSleep=5000
2019-02-24 14:08:23,933 INFO o.a.j.p.h.p.ProxyControl: Creating HTTP(S) Test Script Recorder Root CA in E:\PerformanceTesting\apache-jmeter-5.0\bin\proxyserver.jks, ensure you install certificate in your Browser for recording
2019-02-24 14:08:29,586 INFO o.a.j.p.h.p.ProxyControl: Created keystore in E:\PerformanceTesting\apache-jmeter-5.0\bin\proxyserver.jks
2019-02-24 14:08:30,069 INFO o.a.j.p.h.p.ProxyControl: Creating entry vcc-qa4.8x8.com in E:\PerformanceTesting\apache-jmeter-5.0\bin\proxyserver.jks
2019-02-24 14:08:31,057 ERROR o.a.j.p.h.p.ProxyControl: Could not initialise key store
java.io.IOException:   >> keytool error: java.lang.RuntimeException: java.io.IOException: DNSName components must begin with a letter <<
Command failed, code: 1
'keytool -genkeypair -alias vcc-qa4.8x8.com -dname "cn=vcc-qa4.8x8.com, o=JMeter Proxy (TEMPORARY TRUST ONLY)" -keyalg RSA -keystore proxyserver.jks -storepass {redacted} -keypass {redacted} -validity 7 -ext san=dns:vcc-qa4.8x8.com'
	at org.apache.jorphan.exec.KeyToolUtils.genkeypair(KeyToolUtils.java:172) ~[jorphan.jar:5.0 r1840935]
	at org.apache.jorphan.exec.KeyToolUtils.generateSignedCert(KeyToolUtils.java:286) ~[jorphan.jar:5.0 r1840935]
	at org.apache.jorphan.exec.KeyToolUtils.generateHostCert(KeyToolUtils.java:277) ~[jorphan.jar:5.0 r1840935]
	at org.apache.jmeter.protocol.http.proxy.ProxyControl.initDynamicKeyStore(ProxyControl.java:1583) ~[ApacheJMeter_http.jar:5.0 r1840935]
	at org.apache.jmeter.protocol.http.proxy.ProxyControl.initKeyStore(ProxyControl.java:1478) ~[ApacheJMeter_http.jar:5.0 r1840935]
	at org.apache.jmeter.protocol.http.proxy.ProxyControl.startProxy(ProxyControl.java:539) [ApacheJMeter_http.jar:5.0 r1840935]
	at org.apache.jmeter.protocol.http.proxy.gui.ProxyControlGui.startProxy(ProxyControlGui.java:592) [ApacheJMeter_http.jar:5.0 r1840935]
	at org.apache.jmeter.protocol.http.proxy.gui.ProxyControlGui.actionPerformed(ProxyControlGui.java:432) [ApacheJMeter_http.jar:5.0 r1840935]
	at javax.swing.AbstractButton.fireActionPerformed(Unknown Source) [?:1.8.0_201]
	at javax.swing.AbstractButton$Handler.actionPerformed(Unknown Source) [?:1.8.0_201]
	at javax.swing.DefaultButtonModel.fireActionPerformed(Unknown Source) [?:1.8.0_201]
	at javax.swing.DefaultButtonModel.setPressed(Unknown Source) [?:1.8.0_201]
	at javax.swing.plaf.basic.BasicButtonListener.mouseReleased(Unknown Source) [?:1.8.0_201]
	at java.awt.Component.processMouseEvent(Unknown Source) [?:1.8.0_201]
	at javax.swing.JComponent.processMouseEvent(Unknown Source) [?:1.8.0_201]
	at java.awt.Component.processEvent(Unknown Source) [?:1.8.0_201]
	at java.awt.Container.processEvent(Unknown Source) [?:1.8.0_201]
	at java.awt.Component.dispatchEventImpl(Unknown Source) [?:1.8.0_201]
	at java.awt.Container.dispatchEventImpl(Unknown Source) [?:1.8.0_201]
	at java.awt.Component.dispatchEvent(Unknown Source) [?:1.8.0_201]
	at java.awt.LightweightDispatcher.retargetMouseEvent(Unknown Source) [?:1.8.0_201]
	at java.awt.LightweightDispatcher.processMouseEvent(Unknown Source) [?:1.8.0_201]
	at java.awt.LightweightDispatcher.dispatchEvent(Unknown Source) [?:1.8.0_201]
	at java.awt.Container.dispatchEventImpl(Unknown Source) [?:1.8.0_201]
	at java.awt.Window.dispatchEventImpl(Unknown Source) [?:1.8.0_201]
	at java.awt.Component.dispatchEvent(Unknown Source) [?:1.8.0_201]
	at java.awt.EventQueue.dispatchEventImpl(Unknown Source) [?:1.8.0_201]
	at java.awt.EventQueue.access$500(Unknown Source) [?:1.8.0_201]
	at java.awt.EventQueue$3.run(Unknown Source) [?:1.8.0_201]
	at java.awt.EventQueue$3.run(Unknown Source) [?:1.8.0_201]
	at java.security.AccessController.doPrivileged(Native Method) [?:1.8.0_201]
	at java.security.ProtectionDomain$JavaSecurityAccessImpl.doIntersectionPrivilege(Unknown Source) [?:1.8.0_201]
	at java.security.ProtectionDomain$JavaSecurityAccessImpl.doIntersectionPrivilege(Unknown Source) [?:1.8.0_201]
	at java.awt.EventQueue$4.run(Unknown Source) [?:1.8.0_201]
	at java.awt.EventQueue$4.run(Unknown Source) [?:1.8.0_201]
	at java.security.AccessController.doPrivileged(Native Method) [?:1.8.0_201]
	at java.security.ProtectionDomain$JavaSecurityAccessImpl.doIntersectionPrivilege(Unknown Source) [?:1.8.0_201]
	at java.awt.EventQueue.dispatchEvent(Unknown Source) [?:1.8.0_201]
	at java.awt.EventDispatchThread.pumpOneEventForFilters(Unknown Source) [?:1.8.0_201]
	at java.awt.EventDispatchThread.pumpEventsForFilter(Unknown Source) [?:1.8.0_201]
	at java.awt.EventDispatchThread.pumpEventsForHierarchy(Unknown Source) [?:1.8.0_201]
	at java.awt.EventDispatchThread.pumpEvents(Unknown Source) [?:1.8.0_201]
	at java.awt.EventDispatchThread.pumpEvents(Unknown Source) [?:1.8.0_201]
	at java.awt.EventDispatchThread.run(Unknown Source) [?:1.8.0_201]
2019-02-24 14:09:34,268 INFO o.a.j.p.h.p.ProxyControl: Valid alias found for :root_ca:
2019-02-24 14:09:34,268 INFO o.a.j.p.h.p.ProxyControl: Valid alias found for :intermediate_ca:
2019-02-24 14:09:34,268 INFO o.a.j.p.h.p.ProxyControl: Creating entry *.8x8.com in E:\PerformanceTesting\apache-jmeter-5.0\bin\proxyserver.jks
2019-02-24 14:09:35,190 ERROR o.a.j.p.h.p.ProxyControl: Could not initialise key store
java.io.IOException:   >> keytool error: java.lang.RuntimeException: java.io.IOException: DNSName components must begin with a letter <<
Command failed, code: 1
'keytool -genkeypair -alias *.8x8.com -dname "cn=*.8x8.com, o=JMeter Proxy (TEMPORARY TRUST ONLY)" -keyalg RSA -keystore proxyserver.jks -storepass {redacted} -keypass {redacted} -validity 7 -ext san=dns:*.8x8.com'
	at org.apache.jorphan.exec.KeyToolUtils.genkeypair(KeyToolUtils.java:172) ~[jorphan.jar:5.0 r1840935]
	at org.apache.jorphan.exec.KeyToolUtils.generateSignedCert(KeyToolUtils.java:286) ~[jorphan.jar:5.0 r1840935]
	at org.apache.jorphan.exec.KeyToolUtils.generateHostCert(KeyToolUtils.java:277) ~[jorphan.jar:5.0 r1840935]
	at org.apache.jmeter.protocol.http.proxy.ProxyControl.initDynamicKeyStore(ProxyControl.java:1583) ~[ApacheJMeter_http.jar:5.0 r1840935]
	at org.apache.jmeter.protocol.http.proxy.ProxyControl.initKeyStore(ProxyControl.java:1478) ~[ApacheJMeter_http.jar:5.0 r1840935]
	at org.apache.jmeter.protocol.http.proxy.ProxyControl.startProxy(ProxyControl.java:539) [ApacheJMeter_http.jar:5.0 r1840935]
	at org.apache.jmeter.protocol.http.proxy.gui.ProxyControlGui.startProxy(ProxyControlGui.java:592) [ApacheJMeter_http.jar:5.0 r1840935]
	at org.apache.jmeter.protocol.http.proxy.gui.ProxyControlGui.actionPerformed(ProxyControlGui.java:432) [ApacheJMeter_http.jar:5.0 r1840935]
	at javax.swing.AbstractButton.fireActionPerformed(Unknown Source) [?:1.8.0_201]
	at javax.swing.AbstractButton$Handler.actionPerformed(Unknown Source) [?:1.8.0_201]
	at javax.swing.DefaultButtonModel.fireActionPerformed(Unknown Source) [?:1.8.0_201]
	at javax.swing.DefaultButtonModel.setPressed(Unknown Source) [?:1.8.0_201]
	at javax.swing.plaf.basic.BasicButtonListener.mouseReleased(Unknown Source) [?:1.8.0_201]
	at java.awt.Component.processMouseEvent(Unknown Source) [?:1.8.0_201]
	at javax.swing.JComponent.processMouseEvent(Unknown Source) [?:1.8.0_201]
	at java.awt.Component.processEvent(Unknown Source) [?:1.8.0_201]
	at java.awt.Container.processEvent(Unknown Source) [?:1.8.0_201]
	at java.awt.Component.dispatchEventImpl(Unknown Source) [?:1.8.0_201]
	at java.awt.Container.dispatchEventImpl(Unknown Source) [?:1.8.0_201]
	at java.awt.Component.dispatchEvent(Unknown Source) [?:1.8.0_201]
	at java.awt.LightweightDispatcher.retargetMouseEvent(Unknown Source) [?:1.8.0_201]
	at java.awt.LightweightDispatcher.processMouseEvent(Unknown Source) [?:1.8.0_201]
	at java.awt.LightweightDispatcher.dispatchEvent(Unknown Source) [?:1.8.0_201]
	at java.awt.Container.dispatchEventImpl(Unknown Source) [?:1.8.0_201]
	at java.awt.Window.dispatchEventImpl(Unknown Source) [?:1.8.0_201]
	at java.awt.Component.dispatchEvent(Unknown Source) [?:1.8.0_201]
	at java.awt.EventQueue.dispatchEventImpl(Unknown Source) [?:1.8.0_201]
	at java.awt.EventQueue.access$500(Unknown Source) [?:1.8.0_201]
	at java.awt.EventQueue$3.run(Unknown Source) [?:1.8.0_201]
	at java.awt.EventQueue$3.run(Unknown Source) [?:1.8.0_201]
	at java.security.AccessController.doPrivileged(Native Method) [?:1.8.0_201]
	at java.security.ProtectionDomain$JavaSecurityAccessImpl.doIntersectionPrivilege(Unknown Source) [?:1.8.0_201]
	at java.security.ProtectionDomain$JavaSecurityAccessImpl.doIntersectionPrivilege(Unknown Source) [?:1.8.0_201]
	at java.awt.EventQueue$4.run(Unknown Source) [?:1.8.0_201]
	at java.awt.EventQueue$4.run(Unknown Source) [?:1.8.0_201]
	at java.security.AccessController.doPrivileged(Native Method) [?:1.8.0_201]
	at java.security.ProtectionDomain$JavaSecurityAccessImpl.doIntersectionPrivilege(Unknown Source) [?:1.8.0_201]
	at java.awt.EventQueue.dispatchEvent(Unknown Source) [?:1.8.0_201]
	at java.awt.EventDispatchThread.pumpOneEventForFilters(Unknown Source) [?:1.8.0_201]
	at java.awt.EventDispatchThread.pumpEventsForFilter(Unknown Source) [?:1.8.0_201]
	at java.awt.EventDispatchThread.pumpEventsForHierarchy(Unknown Source) [?:1.8.0_201]
	at java.awt.EventDispatchThread.pumpEvents(Unknown Source) [?:1.8.0_201]
	at java.awt.EventDispatchThread.pumpEvents(Unknown Source) [?:1.8.0_201]
	at java.awt.EventDispatchThread.run(Unknown Source) [?:1.8.0_201]
2019-02-24 14:11:00,276 INFO o.a.j.p.h.p.ProxyControl: Valid alias found for :root_ca:
2019-02-24 14:11:00,276 INFO o.a.j.p.h.p.ProxyControl: Valid alias found for :intermediate_ca:
2019-02-24 14:11:00,276 INFO o.a.j.p.h.p.ProxyControl: Creating entry *.8x8.com in E:\PerformanceTesting\apache-jmeter-5.0\bin\proxyserver.jks
2019-02-24 14:11:01,122 ERROR o.a.j.p.h.p.ProxyControl: Could not initialise key store
java.io.IOException:   >> keytool error: java.lang.RuntimeException: java.io.IOException: DNSName components must begin with a letter <<
Command failed, code: 1
'keytool -genkeypair -alias *.8x8.com -dname "cn=*.8x8.com, o=JMeter Proxy (TEMPORARY TRUST ONLY)" -keyalg RSA -keystore proxyserver.jks -storepass {redacted} -keypass {redacted} -validity 7 -ext san=dns:*.8x8.com'
	at org.apache.jorphan.exec.KeyToolUtils.genkeypair(KeyToolUtils.java:172) ~[jorphan.jar:5.0 r1840935]
	at org.apache.jorphan.exec.KeyToolUtils.generateSignedCert(KeyToolUtils.java:286) ~[jorphan.jar:5.0 r1840935]
	at org.apache.jorphan.exec.KeyToolUtils.generateHostCert(KeyToolUtils.java:277) ~[jorphan.jar:5.0 r1840935]
	at org.apache.jmeter.protocol.http.proxy.ProxyControl.initDynamicKeyStore(ProxyControl.java:1583) ~[ApacheJMeter_http.jar:5.0 r1840935]
	at org.apache.jmeter.protocol.http.proxy.ProxyControl.initKeyStore(ProxyControl.java:1478) ~[ApacheJMeter_http.jar:5.0 r1840935]
	at org.apache.jmeter.protocol.http.proxy.ProxyControl.startProxy(ProxyControl.java:539) [ApacheJMeter_http.jar:5.0 r1840935]
	at org.apache.jmeter.protocol.http.proxy.gui.ProxyControlGui.startProxy(ProxyControlGui.java:592) [ApacheJMeter_http.jar:5.0 r1840935]
	at org.apache.jmeter.protocol.http.proxy.gui.ProxyControlGui.actionPerformed(ProxyControlGui.java:432) [ApacheJMeter_http.jar:5.0 r1840935]
	at javax.swing.AbstractButton.fireActionPerformed(Unknown Source) [?:1.8.0_201]
	at javax.swing.AbstractButton$Handler.actionPerformed(Unknown Source) [?:1.8.0_201]
	at javax.swing.DefaultButtonModel.fireActionPerformed(Unknown Source) [?:1.8.0_201]
	at javax.swing.DefaultButtonModel.setPressed(Unknown Source) [?:1.8.0_201]
	at javax.swing.plaf.basic.BasicButtonListener.mouseReleased(Unknown Source) [?:1.8.0_201]
	at java.awt.Component.processMouseEvent(Unknown Source) [?:1.8.0_201]
	at javax.swing.JComponent.processMouseEvent(Unknown Source) [?:1.8.0_201]
	at java.awt.Component.processEvent(Unknown Source) [?:1.8.0_201]
	at java.awt.Container.processEvent(Unknown Source) [?:1.8.0_201]
	at java.awt.Component.dispatchEventImpl(Unknown Source) [?:1.8.0_201]
	at java.awt.Container.dispatchEventImpl(Unknown Source) [?:1.8.0_201]
	at java.awt.Component.dispatchEvent(Unknown Source) [?:1.8.0_201]
	at java.awt.LightweightDispatcher.retargetMouseEvent(Unknown Source) [?:1.8.0_201]
	at java.awt.LightweightDispatcher.processMouseEvent(Unknown Source) [?:1.8.0_201]
	at java.awt.LightweightDispatcher.dispatchEvent(Unknown Source) [?:1.8.0_201]
	at java.awt.Container.dispatchEventImpl(Unknown Source) [?:1.8.0_201]
	at java.awt.Window.dispatchEventImpl(Unknown Source) [?:1.8.0_201]
	at java.awt.Component.dispatchEvent(Unknown Source) [?:1.8.0_201]
	at java.awt.EventQueue.dispatchEventImpl(Unknown Source) [?:1.8.0_201]
	at java.awt.EventQueue.access$500(Unknown Source) [?:1.8.0_201]
	at java.awt.EventQueue$3.run(Unknown Source) [?:1.8.0_201]
	at java.awt.EventQueue$3.run(Unknown Source) [?:1.8.0_201]
	at java.security.AccessController.doPrivileged(Native Method) [?:1.8.0_201]
	at java.security.ProtectionDomain$JavaSecurityAccessImpl.doIntersectionPrivilege(Unknown Source) [?:1.8.0_201]
	at java.security.ProtectionDomain$JavaSecurityAccessImpl.doIntersectionPrivilege(Unknown Source) [?:1.8.0_201]
	at java.awt.EventQueue$4.run(Unknown Source) [?:1.8.0_201]
	at java.awt.EventQueue$4.run(Unknown Source) [?:1.8.0_201]
	at java.security.AccessController.doPrivileged(Native Method) [?:1.8.0_201]
	at java.security.ProtectionDomain$JavaSecurityAccessImpl.doIntersectionPrivilege(Unknown Source) [?:1.8.0_201]
	at java.awt.EventQueue.dispatchEvent(Unknown Source) [?:1.8.0_201]
	at java.awt.EventDispatchThread.pumpOneEventForFilters(Unknown Source) [?:1.8.0_201]
	at java.awt.EventDispatchThread.pumpEventsForFilter(Unknown Source) [?:1.8.0_201]
	at java.awt.EventDispatchThread.pumpEventsForHierarchy(Unknown Source) [?:1.8.0_201]
	at java.awt.EventDispatchThread.pumpEvents(Unknown Source) [?:1.8.0_201]
	at java.awt.EventDispatchThread.pumpEvents(Unknown Source) [?:1.8.0_201]
	at java.awt.EventDispatchThread.run(Unknown Source) [?:1.8.0_201]
2019-02-24 14:19:43,675 INFO o.a.j.p.h.p.ProxyControl: Valid alias found for :root_ca:
2019-02-24 14:19:43,675 INFO o.a.j.p.h.p.ProxyControl: Valid alias found for :intermediate_ca:
2019-02-24 14:19:43,675 INFO o.a.j.p.h.p.ProxyControl: Creating entry localhost in E:\PerformanceTesting\apache-jmeter-5.0\bin\proxyserver.jks
2019-02-24 14:19:46,933 INFO o.a.j.p.h.p.Daemon: Creating Daemon Socket on port: 9000
2019-02-24 14:19:46,933 INFO o.a.j.p.h.p.Daemon: Test Script Recorder up and running!
2019-02-24 14:20:05,917 INFO o.a.j.p.h.p.Proxy: Proxy will remove the headers: If-Modified-Since,If-None-Match,Host
2019-02-24 14:20:05,948 INFO o.a.j.p.h.s.HTTPHCAbstractImpl: Local host = LAPTOP-01I9BJL7
2019-02-24 14:20:05,948 INFO o.a.j.p.h.s.HTTPHC4Impl: HTTP request retry count = 0
2019-02-24 14:20:06,136 INFO o.a.j.p.h.p.ProxyControl: [59050]  Creating entry search.services.mozilla.com in E:\PerformanceTesting\apache-jmeter-5.0\bin\proxyserver.jks
2019-02-24 14:20:06,722 INFO o.a.j.s.SampleEvent: List of sample_variables: []
2019-02-24 14:20:10,170 INFO o.a.j.p.h.p.ProxyControl: [59052]  Creating entry activity-stream-icons.services.mozilla.com in E:\PerformanceTesting\apache-jmeter-5.0\bin\proxyserver.jks
2019-02-24 14:20:10,628 INFO o.a.j.p.h.p.Proxy: [59050]  KeyStore for SSL loaded OK and put host 'search.services.mozilla.com' in map with key (search.services.mozilla.com)
2019-02-24 14:20:10,769 WARN o.a.j.p.h.p.Proxy: [59050]  Problem with SSL certificate for url  for 'search.services.mozilla.com'? Ensure browser is set to accept the JMeter proxy cert: Received fatal alert: unknown_ca
2019-02-24 14:20:13,912 INFO o.a.j.p.h.p.ProxyControl: [59051]  Creating entry tiles.services.mozilla.com in E:\PerformanceTesting\apache-jmeter-5.0\bin\proxyserver.jks
2019-02-24 14:20:14,169 INFO o.a.j.p.h.p.Proxy: [59052]  KeyStore for SSL loaded OK and put host 'activity-stream-icons.services.mozilla.com' in map with key (activity-stream-icons.services.mozilla.com)
2019-02-24 14:20:14,214 WARN o.a.j.p.h.p.Proxy: [59052]  Problem with SSL certificate for url  for 'activity-stream-icons.services.mozilla.com'? Ensure browser is set to accept the JMeter proxy cert: Software caused connection abort: recv failed
2019-02-24 14:20:17,288 INFO o.a.j.p.h.p.ProxyControl: [59060]  Creating entry safebrowsing.googleapis.com in E:\PerformanceTesting\apache-jmeter-5.0\bin\proxyserver.jks
2019-02-24 14:20:17,601 INFO o.a.j.p.h.p.Proxy: [59051]  KeyStore for SSL loaded OK and put host 'tiles.services.mozilla.com' in map with key (tiles.services.mozilla.com)
2019-02-24 14:20:17,617 WARN o.a.j.p.h.p.Proxy: [59051]  Problem with SSL certificate for url  for 'tiles.services.mozilla.com'? Ensure browser is set to accept the JMeter proxy cert: Software caused connection abort: recv failed
2019-02-24 14:20:20,776 INFO o.a.j.p.h.p.ProxyControl: [59056]  Creating entry www.google.com in E:\PerformanceTesting\apache-jmeter-5.0\bin\proxyserver.jks
2019-02-24 14:20:21,141 INFO o.a.j.p.h.p.Proxy: [59060]  KeyStore for SSL loaded OK and put host 'safebrowsing.googleapis.com' in map with key (safebrowsing.googleapis.com)
2019-02-24 14:20:21,157 WARN o.a.j.p.h.p.Proxy: [59060]  Problem with SSL certificate for url  for 'safebrowsing.googleapis.com'? Ensure browser is set to accept the JMeter proxy cert: Software caused connection abort: recv failed
2019-02-24 14:20:24,121 INFO o.a.j.p.h.p.ProxyControl: [59067]  Creating entry shavar.services.mozilla.com in E:\PerformanceTesting\apache-jmeter-5.0\bin\proxyserver.jks
2019-02-24 14:20:24,480 INFO o.a.j.p.h.p.Proxy: [59056]  KeyStore for SSL loaded OK and put host 'www.google.com' in map with key (www.google.com)
2019-02-24 14:20:24,484 WARN o.a.j.p.h.p.Proxy: [59056]  Problem with SSL certificate for url  for 'www.google.com'? Ensure browser is set to accept the JMeter proxy cert: Software caused connection abort: recv failed
2019-02-24 14:20:24,484 WARN o.a.j.p.h.p.Proxy: [59055]  Problem with SSL certificate for url  for 'www.google.com'? Ensure browser is set to accept the JMeter proxy cert: Software caused connection abort: recv failed
2019-02-24 14:20:26,376 WARN o.a.j.p.h.p.Proxy: [59069]  Problem with SSL certificate for url  for 'tiles.services.mozilla.com'? Ensure browser is set to accept the JMeter proxy cert: Received fatal alert: unknown_ca
2019-02-24 14:20:27,542 INFO o.a.j.p.h.p.ProxyControl: [59070]  Creating entry vcc-qa4.8x8.com in E:\PerformanceTesting\apache-jmeter-5.0\bin\proxyserver.jks
2019-02-24 14:20:28,019 INFO o.a.j.p.h.p.Proxy: [59067]  KeyStore for SSL loaded OK and put host 'shavar.services.mozilla.com' in map with key (shavar.services.mozilla.com)
2019-02-24 14:20:28,035 WARN o.a.j.p.h.p.Proxy: [59067]  Problem with SSL certificate for url  for 'shavar.services.mozilla.com'? Ensure browser is set to accept the JMeter proxy cert: Software caused connection abort: recv failed
2019-02-24 14:20:28,362 ERROR o.a.j.p.h.p.Proxy: [59070]  Problem with keystore
java.io.IOException:   >> keytool error: java.lang.RuntimeException: java.io.IOException: DNSName components must begin with a letter <<
Command failed, code: 1
'keytool -genkeypair -alias vcc-qa4.8x8.com -dname "cn=vcc-qa4.8x8.com, o=JMeter Proxy (TEMPORARY TRUST ONLY)" -keyalg RSA -keystore proxyserver.jks -storepass {redacted} -keypass {redacted} -validity 7 -ext san=dns:vcc-qa4.8x8.com'
	at org.apache.jorphan.exec.KeyToolUtils.genkeypair(KeyToolUtils.java:172) ~[jorphan.jar:5.0 r1840935]
	at org.apache.jorphan.exec.KeyToolUtils.generateSignedCert(KeyToolUtils.java:286) ~[jorphan.jar:5.0 r1840935]
	at org.apache.jorphan.exec.KeyToolUtils.generateHostCert(KeyToolUtils.java:277) ~[jorphan.jar:5.0 r1840935]
	at org.apache.jmeter.protocol.http.proxy.ProxyControl.updateKeyStore(ProxyControl.java:1606) ~[ApacheJMeter_http.jar:5.0 r1840935]
	at org.apache.jmeter.protocol.http.proxy.Proxy.getSSLSocketFactory(Proxy.java:326) [ApacheJMeter_http.jar:5.0 r1840935]
	at org.apache.jmeter.protocol.http.proxy.Proxy.startSSL(Proxy.java:431) [ApacheJMeter_http.jar:5.0 r1840935]
	at org.apache.jmeter.protocol.http.proxy.Proxy.run(Proxy.java:194) [ApacheJMeter_http.jar:5.0 r1840935]
2019-02-24 14:20:28,362 WARN o.a.j.p.h.p.Proxy: [59070]  Unable to negotiate SSL transaction, no keystore?
2019-02-24 14:20:28,362 ERROR o.a.j.p.h.p.Proxy: [59070]  Exception when processing sample
java.io.IOException: Unable to negotiate SSL transaction, no keystore?
	at org.apache.jmeter.protocol.http.proxy.Proxy.startSSL(Proxy.java:448) ~[ApacheJMeter_http.jar:5.0 r1840935]
	at org.apache.jmeter.protocol.http.proxy.Proxy.run(Proxy.java:194) [ApacheJMeter_http.jar:5.0 r1840935]
2019-02-24 14:20:28,362 WARN o.a.j.p.h.p.Proxy: [59070]  Exception while writing error
java.net.SocketException: Connection reset by peer: socket write error
	at java.net.SocketOutputStream.socketWrite0(Native Method) ~[?:1.8.0_201]
	at java.net.SocketOutputStream.socketWrite(Unknown Source) ~[?:1.8.0_201]
	at java.net.SocketOutputStream.write(Unknown Source) ~[?:1.8.0_201]
	at java.io.DataOutputStream.writeBytes(Unknown Source) ~[?:1.8.0_201]
	at org.apache.jmeter.protocol.http.proxy.Proxy.writeErrorToClient(Proxy.java:563) [ApacheJMeter_http.jar:5.0 r1840935]
	at org.apache.jmeter.protocol.http.proxy.Proxy.run(Proxy.java:260) [ApacheJMeter_http.jar:5.0 r1840935]
2019-02-24 14:20:28,464 WARN o.a.j.p.h.p.Proxy: [59075]  Problem with SSL certificate for url  for 'tiles.services.mozilla.com'? Ensure browser is set to accept the JMeter proxy cert: Received fatal alert: unknown_ca
2019-02-24 14:20:28,495 WARN o.a.j.p.h.p.Proxy: [59076]  Problem with SSL certificate for url  for 'safebrowsing.googleapis.com'? Ensure browser is set to accept the JMeter proxy cert: Software caused connection abort: recv failed
2019-02-24 14:20:33,656 INFO o.a.j.p.h.p.ProxyControl: [59081]  Creating entry vcc-qa4.8x8.com in E:\PerformanceTesting\apache-jmeter-5.0\bin\proxyserver.jks
2019-02-24 14:20:34,343 ERROR o.a.j.p.h.p.Proxy: [59081]  Problem with keystore
java.io.IOException:   >> keytool error: java.lang.RuntimeException: java.io.IOException: DNSName components must begin with a letter <<
Command failed, code: 1
'keytool -genkeypair -alias vcc-qa4.8x8.com -dname "cn=vcc-qa4.8x8.com, o=JMeter Proxy (TEMPORARY TRUST ONLY)" -keyalg RSA -keystore proxyserver.jks -storepass {redacted} -keypass {redacted} -validity 7 -ext san=dns:vcc-qa4.8x8.com'
	at org.apache.jorphan.exec.KeyToolUtils.genkeypair(KeyToolUtils.java:172) ~[jorphan.jar:5.0 r1840935]
	at org.apache.jorphan.exec.KeyToolUtils.generateSignedCert(KeyToolUtils.java:286) ~[jorphan.jar:5.0 r1840935]
	at org.apache.jorphan.exec.KeyToolUtils.generateHostCert(KeyToolUtils.java:277) ~[jorphan.jar:5.0 r1840935]
	at org.apache.jmeter.protocol.http.proxy.ProxyControl.updateKeyStore(ProxyControl.java:1606) ~[ApacheJMeter_http.jar:5.0 r1840935]
	at org.apache.jmeter.protocol.http.proxy.Proxy.getSSLSocketFactory(Proxy.java:326) [ApacheJMeter_http.jar:5.0 r1840935]
	at org.apache.jmeter.protocol.http.proxy.Proxy.startSSL(Proxy.java:431) [ApacheJMeter_http.jar:5.0 r1840935]
	at org.apache.jmeter.protocol.http.proxy.Proxy.run(Proxy.java:194) [ApacheJMeter_http.jar:5.0 r1840935]
2019-02-24 14:20:34,343 WARN o.a.j.p.h.p.Proxy: [59081]  Unable to negotiate SSL transaction, no keystore?
2019-02-24 14:20:34,343 ERROR o.a.j.p.h.p.Proxy: [59081]  Exception when processing sample
java.io.IOException: Unable to negotiate SSL transaction, no keystore?
	at org.apache.jmeter.protocol.http.proxy.Proxy.startSSL(Proxy.java:448) ~[ApacheJMeter_http.jar:5.0 r1840935]
	at org.apache.jmeter.protocol.http.proxy.Proxy.run(Proxy.java:194) [ApacheJMeter_http.jar:5.0 r1840935]
2019-02-24 14:20:34,343 WARN o.a.j.p.h.p.Proxy: [59081]  Exception while writing error
java.net.SocketException: Connection reset by peer: socket write error
	at java.net.SocketOutputStream.socketWrite0(Native Method) ~[?:1.8.0_201]
	at java.net.SocketOutputStream.socketWrite(Unknown Source) ~[?:1.8.0_201]
	at java.net.SocketOutputStream.write(Unknown Source) ~[?:1.8.0_201]
	at java.io.DataOutputStream.writeBytes(Unknown Source) ~[?:1.8.0_201]
	at org.apache.jmeter.protocol.http.proxy.Proxy.writeErrorToClient(Proxy.java:563) [ApacheJMeter_http.jar:5.0 r1840935]
	at org.apache.jmeter.protocol.http.proxy.Proxy.run(Proxy.java:260) [ApacheJMeter_http.jar:5.0 r1840935]
2019-02-24 14:20:35,512 INFO o.a.j.p.h.p.ProxyControl: [59085]  Creating entry blocklists.settings.services.mozilla.com in E:\PerformanceTesting\apache-jmeter-5.0\bin\proxyserver.jks
2019-02-24 14:20:39,046 INFO o.a.j.p.h.p.ProxyControl: [59086]  Creating entry firefox.settings.services.mozilla.com in E:\PerformanceTesting\apache-jmeter-5.0\bin\proxyserver.jks
2019-02-24 14:20:39,561 INFO o.a.j.p.h.p.Proxy: [59085]  KeyStore for SSL loaded OK and put host 'blocklists.settings.services.mozilla.com' in map with key (blocklists.settings.services.mozilla.com)
2019-02-24 14:20:39,592 WARN o.a.j.p.h.p.Proxy: [59085]  Problem with SSL certificate for url  for 'blocklists.settings.services.mozilla.com'? Ensure browser is set to accept the JMeter proxy cert: Software caused connection abort: recv failed
2019-02-24 14:20:43,030 INFO o.a.j.p.h.p.Proxy: [59086]  KeyStore for SSL loaded OK and put host 'firefox.settings.services.mozilla.com' in map with key (firefox.settings.services.mozilla.com)
2019-02-24 14:20:43,046 WARN o.a.j.p.h.p.Proxy: [59086]  Problem with SSL certificate for url  for 'firefox.settings.services.mozilla.com'? Ensure browser is set to accept the JMeter proxy cert: Software caused connection abort: recv failed
2019-02-24 14:20:56,188 INFO o.a.j.p.h.p.ProxyControl: [59094]  Creating entry vcc-qa4.8x8.com in E:\PerformanceTesting\apache-jmeter-5.0\bin\proxyserver.jks
2019-02-24 14:20:57,220 ERROR o.a.j.p.h.p.Proxy: [59094]  Problem with keystore
java.io.IOException:   >> keytool error: java.lang.RuntimeException: java.io.IOException: DNSName components must begin with a letter <<
Command failed, code: 1
'keytool -genkeypair -alias vcc-qa4.8x8.com -dname "cn=vcc-qa4.8x8.com, o=JMeter Proxy (TEMPORARY TRUST ONLY)" -keyalg RSA -keystore proxyserver.jks -storepass {redacted} -keypass {redacted} -validity 7 -ext san=dns:vcc-qa4.8x8.com'
	at org.apache.jorphan.exec.KeyToolUtils.genkeypair(KeyToolUtils.java:172) ~[jorphan.jar:5.0 r1840935]
	at org.apache.jorphan.exec.KeyToolUtils.generateSignedCert(KeyToolUtils.java:286) ~[jorphan.jar:5.0 r1840935]
	at org.apache.jorphan.exec.KeyToolUtils.generateHostCert(KeyToolUtils.java:277) ~[jorphan.jar:5.0 r1840935]
	at org.apache.jmeter.protocol.http.proxy.ProxyControl.updateKeyStore(ProxyControl.java:1606) ~[ApacheJMeter_http.jar:5.0 r1840935]
	at org.apache.jmeter.protocol.http.proxy.Proxy.getSSLSocketFactory(Proxy.java:326) [ApacheJMeter_http.jar:5.0 r1840935]
	at org.apache.jmeter.protocol.http.proxy.Proxy.startSSL(Proxy.java:431) [ApacheJMeter_http.jar:5.0 r1840935]
	at org.apache.jmeter.protocol.http.proxy.Proxy.run(Proxy.java:194) [ApacheJMeter_http.jar:5.0 r1840935]
2019-02-24 14:20:57,220 WARN o.a.j.p.h.p.Proxy: [59094]  Unable to negotiate SSL transaction, no keystore?
2019-02-24 14:20:57,220 ERROR o.a.j.p.h.p.Proxy: [59094]  Exception when processing sample
java.io.IOException: Unable to negotiate SSL transaction, no keystore?
	at org.apache.jmeter.protocol.http.proxy.Proxy.startSSL(Proxy.java:448) ~[ApacheJMeter_http.jar:5.0 r1840935]
	at org.apache.jmeter.protocol.http.proxy.Proxy.run(Proxy.java:194) [ApacheJMeter_http.jar:5.0 r1840935]
2019-02-24 14:20:57,220 WARN o.a.j.p.h.p.Proxy: [59094]  Exception while writing error
java.net.SocketException: Connection reset by peer: socket write error
	at java.net.SocketOutputStream.socketWrite0(Native Method) ~[?:1.8.0_201]
	at java.net.SocketOutputStream.socketWrite(Unknown Source) ~[?:1.8.0_201]
	at java.net.SocketOutputStream.write(Unknown Source) ~[?:1.8.0_201]
	at java.io.DataOutputStream.writeBytes(Unknown Source) ~[?:1.8.0_201]
	at org.apache.jmeter.protocol.http.proxy.Proxy.writeErrorToClient(Proxy.java:563) [ApacheJMeter_http.jar:5.0 r1840935]
	at org.apache.jmeter.protocol.http.proxy.Proxy.run(Proxy.java:260) [ApacheJMeter_http.jar:5.0 r1840935]
2019-02-24 14:21:02,245 INFO o.a.j.p.h.p.Daemon: HTTP(S) Test Script Recorder stopped
2019-02-24 14:25:20,303 INFO o.a.j.p.h.p.ProxyControl: Valid alias found for :root_ca:
2019-02-24 14:25:20,303 INFO o.a.j.p.h.p.ProxyControl: Valid alias found for :intermediate_ca:
2019-02-24 14:25:20,303 INFO o.a.j.p.h.p.ProxyControl: Creating entry *.8x8.com in E:\PerformanceTesting\apache-jmeter-5.0\bin\proxyserver.jks
2019-02-24 14:25:21,037 ERROR o.a.j.p.h.p.ProxyControl: Could not initialise key store
java.io.IOException:   >> keytool error: java.lang.RuntimeException: java.io.IOException: DNSName components must begin with a letter <<
Command failed, code: 1
'keytool -genkeypair -alias *.8x8.com -dname "cn=*.8x8.com, o=JMeter Proxy (TEMPORARY TRUST ONLY)" -keyalg RSA -keystore proxyserver.jks -storepass {redacted} -keypass {redacted} -validity 7 -ext san=dns:*.8x8.com'
	at org.apache.jorphan.exec.KeyToolUtils.genkeypair(KeyToolUtils.java:172) ~[jorphan.jar:5.0 r1840935]
	at org.apache.jorphan.exec.KeyToolUtils.generateSignedCert(KeyToolUtils.java:286) ~[jorphan.jar:5.0 r1840935]
	at org.apache.jorphan.exec.KeyToolUtils.generateHostCert(KeyToolUtils.java:277) ~[jorphan.jar:5.0 r1840935]
	at org.apache.jmeter.protocol.http.proxy.ProxyControl.initDynamicKeyStore(ProxyControl.java:1583) ~[ApacheJMeter_http.jar:5.0 r1840935]
	at org.apache.jmeter.protocol.http.proxy.ProxyControl.initKeyStore(ProxyControl.java:1478) ~[ApacheJMeter_http.jar:5.0 r1840935]
	at org.apache.jmeter.protocol.http.proxy.ProxyControl.startProxy(ProxyControl.java:539) [ApacheJMeter_http.jar:5.0 r1840935]
	at org.apache.jmeter.protocol.http.proxy.gui.ProxyControlGui.startProxy(ProxyControlGui.java:592) [ApacheJMeter_http.jar:5.0 r1840935]
	at org.apache.jmeter.protocol.http.proxy.gui.ProxyControlGui.actionPerformed(ProxyControlGui.java:432) [ApacheJMeter_http.jar:5.0 r1840935]
	at javax.swing.AbstractButton.fireActionPerformed(Unknown Source) [?:1.8.0_201]
	at javax.swing.AbstractButton$Handler.actionPerformed(Unknown Source) [?:1.8.0_201]
	at javax.swing.DefaultButtonModel.fireActionPerformed(Unknown Source) [?:1.8.0_201]
	at javax.swing.DefaultButtonModel.setPressed(Unknown Source) [?:1.8.0_201]
	at javax.swing.plaf.basic.BasicButtonListener.mouseReleased(Unknown Source) [?:1.8.0_201]
	at java.awt.Component.processMouseEvent(Unknown Source) [?:1.8.0_201]
	at javax.swing.JComponent.processMouseEvent(Unknown Source) [?:1.8.0_201]
	at java.awt.Component.processEvent(Unknown Source) [?:1.8.0_201]
	at java.awt.Container.processEvent(Unknown Source) [?:1.8.0_201]
	at java.awt.Component.dispatchEventImpl(Unknown Source) [?:1.8.0_201]
	at java.awt.Container.dispatchEventImpl(Unknown Source) [?:1.8.0_201]
	at java.awt.Component.dispatchEvent(Unknown Source) [?:1.8.0_201]
	at java.awt.LightweightDispatcher.retargetMouseEvent(Unknown Source) [?:1.8.0_201]
	at java.awt.LightweightDispatcher.processMouseEvent(Unknown Source) [?:1.8.0_201]
	at java.awt.LightweightDispatcher.dispatchEvent(Unknown Source) [?:1.8.0_201]
	at java.awt.Container.dispatchEventImpl(Unknown Source) [?:1.8.0_201]
	at java.awt.Window.dispatchEventImpl(Unknown Source) [?:1.8.0_201]
	at java.awt.Component.dispatchEvent(Unknown Source) [?:1.8.0_201]
	at java.awt.EventQueue.dispatchEventImpl(Unknown Source) [?:1.8.0_201]
	at java.awt.EventQueue.access$500(Unknown Source) [?:1.8.0_201]
	at java.awt.EventQueue$3.run(Unknown Source) [?:1.8.0_201]
	at java.awt.EventQueue$3.run(Unknown Source) [?:1.8.0_201]
	at java.security.AccessController.doPrivileged(Native Method) [?:1.8.0_201]
	at java.security.ProtectionDomain$JavaSecurityAccessImpl.doIntersectionPrivilege(Unknown Source) [?:1.8.0_201]
	at java.security.ProtectionDomain$JavaSecurityAccessImpl.doIntersectionPrivilege(Unknown Source) [?:1.8.0_201]
	at java.awt.EventQueue$4.run(Unknown Source) [?:1.8.0_201]
	at java.awt.EventQueue$4.run(Unknown Source) [?:1.8.0_201]
	at java.security.AccessController.doPrivileged(Native Method) [?:1.8.0_201]
	at java.security.ProtectionDomain$JavaSecurityAccessImpl.doIntersectionPrivilege(Unknown Source) [?:1.8.0_201]
	at java.awt.EventQueue.dispatchEvent(Unknown Source) [?:1.8.0_201]
	at java.awt.EventDispatchThread.pumpOneEventForFilters(Unknown Source) [?:1.8.0_201]
	at java.awt.EventDispatchThread.pumpEventsForFilter(Unknown Source) [?:1.8.0_201]
	at java.awt.EventDispatchThread.pumpEventsForHierarchy(Unknown Source) [?:1.8.0_201]
	at java.awt.EventDispatchThread.pumpEvents(Unknown Source) [?:1.8.0_201]
	at java.awt.EventDispatchThread.pumpEvents(Unknown Source) [?:1.8.0_201]
	at java.awt.EventDispatchThread.run(Unknown Source) [?:1.8.0_201]
2019-02-24 14:27:29,420 INFO o.a.j.p.h.p.ProxyControl: Valid alias found for :root_ca:
2019-02-24 14:27:29,420 INFO o.a.j.p.h.p.ProxyControl: Valid alias found for :intermediate_ca:
2019-02-24 14:27:29,420 INFO o.a.j.p.h.p.ProxyControl: Creating entry *.8x8.com in E:\PerformanceTesting\apache-jmeter-5.0\bin\proxyserver.jks
2019-02-24 14:27:30,261 ERROR o.a.j.p.h.p.ProxyControl: Could not initialise key store
java.io.IOException:   >> keytool error: java.lang.RuntimeException: java.io.IOException: DNSName components must begin with a letter <<
Command failed, code: 1
'keytool -genkeypair -alias *.8x8.com -dname "cn=*.8x8.com, o=JMeter Proxy (TEMPORARY TRUST ONLY)" -keyalg RSA -keystore proxyserver.jks -storepass {redacted} -keypass {redacted} -validity 7 -ext san=dns:*.8x8.com'
	at org.apache.jorphan.exec.KeyToolUtils.genkeypair(KeyToolUtils.java:172) ~[jorphan.jar:5.0 r1840935]
	at org.apache.jorphan.exec.KeyToolUtils.generateSignedCert(KeyToolUtils.java:286) ~[jorphan.jar:5.0 r1840935]
	at org.apache.jorphan.exec.KeyToolUtils.generateHostCert(KeyToolUtils.java:277) ~[jorphan.jar:5.0 r1840935]
	at org.apache.jmeter.protocol.http.proxy.ProxyControl.initDynamicKeyStore(ProxyControl.java:1583) ~[ApacheJMeter_http.jar:5.0 r1840935]
	at org.apache.jmeter.protocol.http.proxy.ProxyControl.initKeyStore(ProxyControl.java:1478) ~[ApacheJMeter_http.jar:5.0 r1840935]
	at org.apache.jmeter.protocol.http.proxy.ProxyControl.startProxy(ProxyControl.java:539) [ApacheJMeter_http.jar:5.0 r1840935]
	at org.apache.jmeter.protocol.http.proxy.gui.ProxyControlGui.startProxy(ProxyControlGui.java:592) [ApacheJMeter_http.jar:5.0 r1840935]
	at org.apache.jmeter.protocol.http.proxy.gui.ProxyControlGui.actionPerformed(ProxyControlGui.java:432) [ApacheJMeter_http.jar:5.0 r1840935]
	at javax.swing.AbstractButton.fireActionPerformed(Unknown Source) [?:1.8.0_201]
	at javax.swing.AbstractButton$Handler.actionPerformed(Unknown Source) [?:1.8.0_201]
	at javax.swing.DefaultButtonModel.fireActionPerformed(Unknown Source) [?:1.8.0_201]
	at javax.swing.DefaultButtonModel.setPressed(Unknown Source) [?:1.8.0_201]
	at javax.swing.plaf.basic.BasicButtonListener.mouseReleased(Unknown Source) [?:1.8.0_201]
	at java.awt.Component.processMouseEvent(Unknown Source) [?:1.8.0_201]
	at javax.swing.JComponent.processMouseEvent(Unknown Source) [?:1.8.0_201]
	at java.awt.Component.processEvent(Unknown Source) [?:1.8.0_201]
	at java.awt.Container.processEvent(Unknown Source) [?:1.8.0_201]
	at java.awt.Component.dispatchEventImpl(Unknown Source) [?:1.8.0_201]
	at java.awt.Container.dispatchEventImpl(Unknown Source) [?:1.8.0_201]
	at java.awt.Component.dispatchEvent(Unknown Source) [?:1.8.0_201]
	at java.awt.LightweightDispatcher.retargetMouseEvent(Unknown Source) [?:1.8.0_201]
	at java.awt.LightweightDispatcher.processMouseEvent(Unknown Source) [?:1.8.0_201]
	at java.awt.LightweightDispatcher.dispatchEvent(Unknown Source) [?:1.8.0_201]
	at java.awt.Container.dispatchEventImpl(Unknown Source) [?:1.8.0_201]
	at java.awt.Window.dispatchEventImpl(Unknown Source) [?:1.8.0_201]
	at java.awt.Component.dispatchEvent(Unknown Source) [?:1.8.0_201]
	at java.awt.EventQueue.dispatchEventImpl(Unknown Source) [?:1.8.0_201]
	at java.awt.EventQueue.access$500(Unknown Source) [?:1.8.0_201]
	at java.awt.EventQueue$3.run(Unknown Source) [?:1.8.0_201]
	at java.awt.EventQueue$3.run(Unknown Source) [?:1.8.0_201]
	at java.security.AccessController.doPrivileged(Native Method) [?:1.8.0_201]
	at java.security.ProtectionDomain$JavaSecurityAccessImpl.doIntersectionPrivilege(Unknown Source) [?:1.8.0_201]
	at java.security.ProtectionDomain$JavaSecurityAccessImpl.doIntersectionPrivilege(Unknown Source) [?:1.8.0_201]
	at java.awt.EventQueue$4.run(Unknown Source) [?:1.8.0_201]
	at java.awt.EventQueue$4.run(Unknown Source) [?:1.8.0_201]
	at java.security.AccessController.doPrivileged(Native Method) [?:1.8.0_201]
	at java.security.ProtectionDomain$JavaSecurityAccessImpl.doIntersectionPrivilege(Unknown Source) [?:1.8.0_201]
	at java.awt.EventQueue.dispatchEvent(Unknown Source) [?:1.8.0_201]
	at java.awt.EventDispatchThread.pumpOneEventForFilters(Unknown Source) [?:1.8.0_201]
	at java.awt.EventDispatchThread.pumpEventsForFilter(Unknown Source) [?:1.8.0_201]
	at java.awt.EventDispatchThread.pumpEventsForHierarchy(Unknown Source) [?:1.8.0_201]
	at java.awt.EventDispatchThread.pumpEvents(Unknown Source) [?:1.8.0_201]
	at java.awt.EventDispatchThread.pumpEvents(Unknown Source) [?:1.8.0_201]
	at java.awt.EventDispatchThread.run(Unknown Source) [?:1.8.0_201]
